<?xml version="1.0" encoding="UTF-8"?>
<testng-results skipped="0" failed="0" total="1" passed="1">
  <reporter-output>
  </reporter-output>
  <suite name="Default suite" duration-ms="41584" started-at="2021-02-13T11:31:04Z" finished-at="2021-02-13T11:31:46Z">
    <groups>
    </groups>
    <test name="Default test" duration-ms="41584" started-at="2021-02-13T11:31:04Z" finished-at="2021-02-13T11:31:46Z">
      <class name="test.FlipkartProductSearchTest">
        <test-method status="PASS" signature="setup()[pri:0, instance:test.FlipkartProductSearchTest@48aaecc3]" name="setup" is-config="true" duration-ms="11155" started-at="2021-02-13T17:01:04Z" finished-at="2021-02-13T17:01:16Z">
          <reporter-output>
          </reporter-output>
        </test-method> <!-- setup -->
        <test-method status="PASS" signature="searchProduct()[pri:0, instance:test.FlipkartProductSearchTest@48aaecc3]" name="searchProduct" duration-ms="22486" started-at="2021-02-13T17:01:16Z" finished-at="2021-02-13T17:01:38Z">
          <reporter-output>
          </reporter-output>
        </test-method> <!-- searchProduct -->
        <test-method status="PASS" signature="quitBrowser()[pri:0, instance:test.FlipkartProductSearchTest@48aaecc3]" name="quitBrowser" is-config="true" duration-ms="7915" started-at="2021-02-13T17:01:38Z" finished-at="2021-02-13T17:01:46Z">
          <reporter-output>
          </reporter-output>
        </test-method> <!-- quitBrowser -->
      </class> <!-- test.FlipkartProductSearchTest -->
    </test> <!-- Default test -->
  </suite> <!-- Default suite -->
</testng-results>
