<?xml version="1.0" encoding="UTF-8"?>
<testng-results skipped="0" failed="0" total="3" passed="3">
  <reporter-output>
  </reporter-output>
  <suite name="Suite" duration-ms="40007" started-at="2021-05-14T15:49:53Z" finished-at="2021-05-14T15:50:33Z">
    <groups>
    </groups>
    <test name="AmzonSearchProductTest" duration-ms="25511" started-at="2021-05-14T15:49:53Z" finished-at="2021-05-14T15:50:19Z">
      <class name="test.AmzonSearchProductTest">
        <test-method status="PASS" signature="setup()[pri:0, instance:test.AmzonSearchProductTest@7adda9cc]" name="setup" is-config="true" duration-ms="2557" started-at="2021-05-14T21:19:53Z" finished-at="2021-05-14T21:19:56Z">
          <reporter-output>
          </reporter-output>
        </test-method> <!-- setup -->
        <test-method status="PASS" signature="searchProduct()[pri:0, instance:test.AmzonSearchProductTest@7adda9cc]" name="searchProduct" duration-ms="10152" started-at="2021-05-14T21:19:56Z" finished-at="2021-05-14T21:20:06Z">
          <reporter-output>
          </reporter-output>
        </test-method> <!-- searchProduct -->
        <test-method status="PASS" signature="quitBrowser()[pri:0, instance:test.AmzonSearchProductTest@7adda9cc]" name="quitBrowser" is-config="true" duration-ms="1236" started-at="2021-05-14T21:20:06Z" finished-at="2021-05-14T21:20:07Z">
          <reporter-output>
          </reporter-output>
        </test-method> <!-- quitBrowser -->
        <test-method status="PASS" signature="setup()[pri:0, instance:test.AmzonSearchProductTest@7adda9cc]" name="setup" is-config="true" duration-ms="1745" started-at="2021-05-14T21:20:07Z" finished-at="2021-05-14T21:20:09Z">
          <reporter-output>
          </reporter-output>
        </test-method> <!-- setup -->
        <test-method status="PASS" signature="searchProduct()[pri:0, instance:test.AmzonSearchProductTest@7adda9cc]" name="searchProduct" duration-ms="8913" started-at="2021-05-14T21:20:09Z" finished-at="2021-05-14T21:20:18Z">
          <reporter-output>
          </reporter-output>
        </test-method> <!-- searchProduct -->
        <test-method status="PASS" signature="quitBrowser()[pri:0, instance:test.AmzonSearchProductTest@7adda9cc]" name="quitBrowser" is-config="true" duration-ms="881" started-at="2021-05-14T21:20:18Z" finished-at="2021-05-14T21:20:19Z">
          <reporter-output>
          </reporter-output>
        </test-method> <!-- quitBrowser -->
      </class> <!-- test.AmzonSearchProductTest -->
    </test> <!-- AmzonSearchProductTest -->
    <test name="FlipkartProductSearchTest" duration-ms="14431" started-at="2021-05-14T15:50:19Z" finished-at="2021-05-14T15:50:33Z">
      <class name="test.FlipkartProductSearchTest">
        <test-method status="PASS" signature="setup()[pri:0, instance:test.FlipkartProductSearchTest@49b0b76]" name="setup" is-config="true" duration-ms="1904" started-at="2021-05-14T21:20:19Z" finished-at="2021-05-14T21:20:21Z">
          <reporter-output>
          </reporter-output>
        </test-method> <!-- setup -->
        <test-method status="PASS" signature="searchProduct()[pri:0, instance:test.FlipkartProductSearchTest@49b0b76]" name="searchProduct" duration-ms="11221" started-at="2021-05-14T21:20:21Z" finished-at="2021-05-14T21:20:32Z">
          <reporter-output>
          </reporter-output>
        </test-method> <!-- searchProduct -->
        <test-method status="PASS" signature="quitBrowser()[pri:0, instance:test.FlipkartProductSearchTest@49b0b76]" name="quitBrowser" is-config="true" duration-ms="1300" started-at="2021-05-14T21:20:32Z" finished-at="2021-05-14T21:20:33Z">
          <reporter-output>
          </reporter-output>
        </test-method> <!-- quitBrowser -->
      </class> <!-- test.FlipkartProductSearchTest -->
    </test> <!-- FlipkartProductSearchTest -->
  </suite> <!-- Suite -->
</testng-results>
